<?xml version="1.0" encoding="UTF-8"?>
<testsuite name="com.chatserver.demo.DemoApplicationTests" tests="1" skipped="0" failures="0" errors="0" timestamp="2024-12-18T12:24:52" hostname="WIN11_DATA" time="0.764">
  <properties/>
  <testcase name="contextLoads()" classname="com.chatserver.demo.DemoApplicationTests" time="0.764"/>
  <system-out><![CDATA[21:24:50.775 [Test worker] INFO org.springframework.test.context.support.AnnotationConfigContextLoaderUtils -- Could not detect default configuration classes for test class [com.chatserver.demo.DemoApplicationTests]: DemoApplicationTests does not declare any static, non-private, non-final, nested classes annotated with @Configuration.
21:24:50.891 [Test worker] INFO org.springframework.boot.test.context.SpringBootTestContextBootstrapper -- Found @SpringBootConfiguration com.chatserver.demo.DemoApplication for test class com.chatserver.demo.DemoApplicationTests

  .   ____          _            __ _ _
 /\\ / ___'_ __ _ _(_)_ __  __ _ \ \ \ \
( ( )\___ | '_ | '_| | '_ \/ _` | \ \ \ \
 \\/  ___)| |_)| | | | | || (_| |  ) ) ) )
  '  |____| .__|_| |_|_| |_\__, | / / / /
 =========|_|==============|___/=/_/_/_/

 :: Spring Boot ::                (v3.3.6)

2024-12-18T21:24:51.296+09:00  INFO 2652 --- [demo] [    Test worker] c.chatserver.demo.DemoApplicationTests   : Starting DemoApplicationTests using Java 17.0.11 with PID 2652 (started by natis in C:\Project\chatServer\demo)
2024-12-18T21:24:51.298+09:00  INFO 2652 --- [demo] [    Test worker] c.chatserver.demo.DemoApplicationTests   : No active profile set, falling back to 1 default profile: "default"
2024-12-18T21:24:52.337+09:00  WARN 2652 --- [demo] [    Test worker] .s.s.UserDetailsServiceAutoConfiguration : 

Using generated security password: 2b9400ff-92e1-4dcc-945b-1fe651fb350d

This generated password is for development use only. Your security configuration must be updated before running your application in production.

2024-12-18T21:24:52.345+09:00  INFO 2652 --- [demo] [    Test worker] r$InitializeUserDetailsManagerConfigurer : Global AuthenticationManager configured with UserDetailsService bean with name inMemoryUserDetailsManager
registerStompEndpoints
2024-12-18T21:24:52.955+09:00  INFO 2652 --- [demo] [    Test worker] o.s.m.s.b.SimpleBrokerMessageHandler     : Starting...
2024-12-18T21:24:52.955+09:00  INFO 2652 --- [demo] [    Test worker] o.s.m.s.b.SimpleBrokerMessageHandler     : BrokerAvailabilityEvent[available=true, SimpleBrokerMessageHandler [org.springframework.messaging.simp.broker.DefaultSubscriptionRegistry@231b35fb]]
2024-12-18T21:24:52.955+09:00  INFO 2652 --- [demo] [    Test worker] o.s.m.s.b.SimpleBrokerMessageHandler     : Started.
2024-12-18T21:24:52.970+09:00  INFO 2652 --- [demo] [    Test worker] c.chatserver.demo.DemoApplicationTests   : Started DemoApplicationTests in 1.92 seconds (process running for 3.101)
]]></system-out>
  <system-err><![CDATA[]]></system-err>
</testsuite>
